Release 14.2 - xst P.28xd (lin64)
Copyright (c) 1995-2012 Xilinx, Inc.  All rights reserved.
--> 
Parameter TMPDIR set to xst/projnav.tmp


Total REAL time to Xst completion: 0.00 secs
Total CPU time to Xst completion: 0.06 secs
 
--> 
Parameter xsthdpdir set to xst


Total REAL time to Xst completion: 0.00 secs
Total CPU time to Xst completion: 0.06 secs
 
--> 
Reading design: vga_controller_640_60.prj

TABLE OF CONTENTS
  1) Synthesis Options Summary
  2) HDL Compilation
  3) Design Hierarchy Analysis
  4) HDL Analysis
  5) HDL Synthesis
     5.1) HDL Synthesis Report
  6) Advanced HDL Synthesis
     6.1) Advanced HDL Synthesis Report
  7) Low Level Synthesis
  8) Partition Report
  9) Final Report
	9.1) Device utilization summary
	9.2) Partition Resource Summary
	9.3) TIMING REPORT


=========================================================================
*                      Synthesis Options Summary                        *
=========================================================================
---- Source Parameters
Input File Name                    : "vga_controller_640_60.prj"
Input Format                       : mixed
Ignore Synthesis Constraint File   : NO

---- Target Parameters
Output File Name                   : "vga_controller_640_60"
Output Format                      : NGC
Target Device                      : xc3s100e-4-cp132

---- Source Options
Top Module Name                    : vga_controller_640_60
Automatic FSM Extraction           : YES
FSM Encoding Algorithm             : Auto
Safe Implementation                : No
FSM Style                          : LUT
RAM Extraction                     : Yes
RAM Style                          : Auto
ROM Extraction                     : Yes
Mux Style                          : Auto
Decoder Extraction                 : YES
Priority Encoder Extraction        : Yes
Shift Register Extraction          : YES
Logical Shifter Extraction         : YES
XOR Collapsing                     : YES
ROM Style                          : Auto
Mux Extraction                     : Yes
Resource Sharing                   : YES
Asynchronous To Synchronous        : NO
Multiplier Style                   : Auto
Automatic Register Balancing       : No

---- Target Options
Add IO Buffers                     : YES
Global Maximum Fanout              : 500
Add Generic Clock Buffer(BUFG)     : 24
Register Duplication               : YES
Slice Packing                      : YES
Optimize Instantiated Primitives   : NO
Use Clock Enable                   : Yes
Use Synchronous Set                : Yes
Use Synchronous Reset              : Yes
Pack IO Registers into IOBs        : Auto
Equivalent register Removal        : YES

---- General Options
Optimization Goal                  : Speed
Optimization Effort                : 1
Keep Hierarchy                     : No
Netlist Hierarchy                  : As_Optimized
RTL Output                         : Yes
Global Optimization                : AllClockNets
Read Cores                         : YES
Write Timing Constraints           : NO
Cross Clock Analysis               : NO
Hierarchy Separator                : /
Bus Delimiter                      : <>
Case Specifier                     : Maintain
Slice Utilization Ratio            : 100
BRAM Utilization Ratio             : 100
Verilog 2001                       : YES
Auto BRAM Packing                  : NO
Slice Utilization Ratio Delta      : 5

=========================================================================


=========================================================================
*                          HDL Compilation                              *
=========================================================================
Compiling vhdl file "/home/edwar/VHDL_2015/cuadro_vga/vga_controller_640_60.vhd" in Library work.
Architecture behavioral of Entity vga_controller_640_60 is up to date.

=========================================================================
*                     Design Hierarchy Analysis                         *
=========================================================================
Analyzing hierarchy for entity <vga_controller_640_60> in library <work> (architecture <behavioral>).


=========================================================================
*                            HDL Analysis                               *
=========================================================================
Analyzing Entity <vga_controller_640_60> in library <work> (Architecture <behavioral>).
Entity <vga_controller_640_60> analyzed. Unit <vga_controller_640_60> generated.


=========================================================================
*                           HDL Synthesis                               *
=========================================================================

Performing bidirectional port resolution...

Synthesizing Unit <vga_controller_640_60>.
    Related source file is "/home/edwar/VHDL_2015/cuadro_vga/vga_controller_640_60.vhd".
    Found 1-bit register for signal <HS>.
    Found 1-bit register for signal <VS>.
    Found 1-bit register for signal <blank>.
    Found 11-bit up counter for signal <hcounter>.
    Found 11-bit comparator greatequal for signal <HS$cmp_ge0000> created at line 177.
    Found 11-bit comparator less for signal <HS$cmp_lt0000> created at line 177.
    Found 11-bit up counter for signal <vcounter>.
    Found 11-bit comparator less for signal <video_enable$cmp_lt0000> created at line 202.
    Found 11-bit comparator less for signal <video_enable$cmp_lt0001> created at line 202.
    Found 11-bit comparator greatequal for signal <VS$cmp_ge0000> created at line 193.
    Found 11-bit comparator less for signal <VS$cmp_lt0000> created at line 193.
    Summary:
	inferred   2 Counter(s).
	inferred   3 D-type flip-flop(s).
	inferred   6 Comparator(s).
Unit <vga_controller_640_60> synthesized.


=========================================================================
HDL Synthesis Report

Macro Statistics
# Counters                                             : 2
 11-bit up counter                                     : 2
# Registers                                            : 3
 1-bit register                                        : 3
# Comparators                                          : 6
 11-bit comparator greatequal                          : 2
 11-bit comparator less                                : 4

=========================================================================

=========================================================================
*                       Advanced HDL Synthesis                          *
=========================================================================


=========================================================================
Advanced HDL Synthesis Report

Macro Statistics
# Counters                                             : 2
 11-bit up counter                                     : 2
# Registers                                            : 3
 Flip-Flops                                            : 3
# Comparators                                          : 6
 11-bit comparator greatequal                          : 2
 11-bit comparator less                                : 4

=========================================================================

=========================================================================
*                         Low Level Synthesis                           *
=========================================================================

Optimizing unit <vga_controller_640_60> ...

Mapping all equations...
Building and optimizing final netlist ...
Found area constraint ratio of 100 (+ 5) on block vga_controller_640_60, actual ratio is 2.

Final Macro Processing ...

=========================================================================
Final Register Report

Macro Statistics
# Registers                                            : 25
 Flip-Flops                                            : 25

=========================================================================

=========================================================================
*                           Partition Report                            *
=========================================================================

Partition Implementation Status
-------------------------------

  No Partitions were found in this design.

-------------------------------

=========================================================================
*                            Final Report                               *
=========================================================================
Final Results
RTL Top Level Output File Name     : vga_controller_640_60.ngr
Top Level Output File Name         : vga_controller_640_60
Output Format                      : NGC
Optimization Goal                  : Speed
Keep Hierarchy                     : No

Design Statistics
# IOs                              : 27

Cell Usage :
# BELS                             : 86
#      GND                         : 1
#      INV                         : 2
#      LUT1                        : 20
#      LUT2                        : 1
#      LUT3                        : 5
#      LUT3_D                      : 1
#      LUT4                        : 7
#      LUT4_D                      : 1
#      LUT4_L                      : 5
#      MUXCY                       : 20
#      VCC                         : 1
#      XORCY                       : 22
# FlipFlops/Latches                : 25
#      FDR                         : 14
#      FDRE                        : 11
# Clock Buffers                    : 1
#      BUFGP                       : 1
# IO Buffers                       : 26
#      IBUF                        : 1
#      OBUF                        : 25
=========================================================================

Device utilization summary:
---------------------------

Selected Device : 3s100ecp132-4 

 Number of Slices:                       25  out of    960     2%  
 Number of Slice Flip Flops:             25  out of   1920     1%  
 Number of 4 input LUTs:                 42  out of   1920     2%  
 Number of IOs:                          27
 Number of bonded IOBs:                  27  out of     83    32%  
 Number of GCLKs:                         1  out of     24     4%  

---------------------------
Partition Resource Summary:
---------------------------

  No Partitions were found in this design.

---------------------------


=========================================================================
TIMING REPORT

NOTE: THESE TIMING NUMBERS ARE ONLY A SYNTHESIS ESTIMATE.
      FOR ACCURATE TIMING INFORMATION PLEASE REFER TO THE TRACE REPORT
      GENERATED AFTER PLACE-and-ROUTE.

Clock Information:
------------------
-----------------------------------+------------------------+-------+
Clock Signal                       | Clock buffer(FF name)  | Load  |
-----------------------------------+------------------------+-------+
pixel_clk                          | BUFGP                  | 25    |
-----------------------------------+------------------------+-------+

Asynchronous Control Signals Information:
----------------------------------------
No asynchronous control signals found in this design

Timing Summary:
---------------
Speed Grade: -4

   Minimum period: 6.287ns (Maximum Frequency: 159.058MHz)
   Minimum input arrival time before clock: 4.388ns
   Maximum output required time after clock: 4.496ns
   Maximum combinational path delay: No path found

Timing Detail:
--------------
All values displayed in nanoseconds (ns)

=========================================================================
Timing constraint: Default period analysis for Clock 'pixel_clk'
  Clock period: 6.287ns (frequency: 159.058MHz)
  Total number of paths / destination ports: 644 / 58
-------------------------------------------------------------------------
Delay:               6.287ns (Levels of Logic = 3)
  Source:            hcounter_2 (FF)
  Destination:       vcounter_0 (FF)
  Source Clock:      pixel_clk rising
  Destination Clock: pixel_clk rising

  Data Path: hcounter_2 to vcounter_0
                                Gate     Net
    Cell:in->out      fanout   Delay   Delay  Logical Name (Net Name)
    ----------------------------------------  ------------
     FDR:C->Q              3   0.591   0.706  hcounter_2 (hcounter_2)
     LUT4:I0->O            3   0.704   0.610  vcounter_or0000138 (vcounter_or0000138)
     LUT4:I1->O            1   0.704   0.424  vcounter_or000070_SW0 (N6)
     LUT4:I3->O           11   0.704   0.933  vcounter_or000070 (vcounter_or0000)
     FDRE:R                    0.911          vcounter_0
    ----------------------------------------
    Total                      6.287ns (3.614ns logic, 2.673ns route)
                                       (57.5% logic, 42.5% route)

=========================================================================
Timing constraint: Default OFFSET IN BEFORE for Clock 'pixel_clk'
  Total number of paths / destination ports: 22 / 22
-------------------------------------------------------------------------
Offset:              4.388ns (Levels of Logic = 2)
  Source:            rst (PAD)
  Destination:       vcounter_0 (FF)
  Destination Clock: pixel_clk rising

  Data Path: rst to vcounter_0
                                Gate     Net
    Cell:in->out      fanout   Delay   Delay  Logical Name (Net Name)
    ----------------------------------------  ------------
     IBUF:I->O             2   1.218   0.622  rst_IBUF (rst_IBUF)
     LUT4:I0->O           11   0.704   0.933  hcounter_or00001 (hcounter_or0000)
     FDR:R                     0.911          hcounter_0
    ----------------------------------------
    Total                      4.388ns (2.833ns logic, 1.555ns route)
                                       (64.6% logic, 35.4% route)

=========================================================================
Timing constraint: Default OFFSET OUT AFTER for Clock 'pixel_clk'
  Total number of paths / destination ports: 25 / 25
-------------------------------------------------------------------------
Offset:              4.496ns (Levels of Logic = 1)
  Source:            vcounter_10 (FF)
  Destination:       vcount<10> (PAD)
  Source Clock:      pixel_clk rising

  Data Path: vcounter_10 to vcount<10>
                                Gate     Net
    Cell:in->out      fanout   Delay   Delay  Logical Name (Net Name)
    ----------------------------------------  ------------
     FDRE:C->Q             5   0.591   0.633  vcounter_10 (vcounter_10)
     OBUF:I->O                 3.272          vcount_10_OBUF (vcount<10>)
    ----------------------------------------
    Total                      4.496ns (3.863ns logic, 0.633ns route)
                                       (85.9% logic, 14.1% route)

=========================================================================


Total REAL time to Xst completion: 5.00 secs
Total CPU time to Xst completion: 4.47 secs
 
--> 


Total memory usage is 526280 kilobytes

Number of errors   :    0 (   0 filtered)
Number of warnings :    0 (   0 filtered)
Number of infos    :    0 (   0 filtered)

